<?xml version="1.0" encoding="UTF-8"?>
<testsuite name="com.aor.numbers.DivisibleByFilterTest" tests="2" skipped="0" failures="0" errors="0" timestamp="2022-10-15T17:25:20" hostname="LAPTOP-E57OMIBJ" time="0.047">
  <properties/>
  <testcase name="acceptDivisible2()" classname="com.aor.numbers.DivisibleByFilterTest" time="0.045"/>
  <testcase name="acceptDivisible3()" classname="com.aor.numbers.DivisibleByFilterTest" time="0.001"/>
  <system-out><![CDATA[]]></system-out>
  <system-err><![CDATA[]]></system-err>
</testsuite>
