<?xml version="1.0" encoding="UTF-8"?>
<testsuite name="com.aor.numbers.PositiveFilterTest" tests="1" skipped="0" failures="0" errors="0" timestamp="2022-10-15T17:25:22" hostname="LAPTOP-E57OMIBJ" time="0.002">
  <properties/>
  <testcase name="PositiveFilter()" classname="com.aor.numbers.PositiveFilterTest" time="0.002"/>
  <system-out><![CDATA[]]></system-out>
  <system-err><![CDATA[]]></system-err>
</testsuite>
