<?xml version="1.0" encoding="UTF-8"?>
<testsuite name="PositiveFilterSpockTest" tests="1" skipped="0" failures="0" errors="0" timestamp="2022-11-01T15:20:16" hostname="LAPTOP-E57OMIBJ" time="0.678">
  <properties/>
  <testcase name="Positive Filter" classname="PositiveFilterSpockTest" time="0.678"/>
  <system-out><![CDATA[]]></system-out>
  <system-err><![CDATA[]]></system-err>
</testsuite>
