<?xml version="1.0" encoding="UTF-8"?>
<testsuite name="com.aor.numbers.ListAggregatorTest" tests="6" skipped="0" failures="0" errors="0" timestamp="2022-10-15T17:25:20" hostname="LAPTOP-E57OMIBJ" time="1.441">
  <properties/>
  <testcase name="max()" classname="com.aor.numbers.ListAggregatorTest" time="0.008"/>
  <testcase name="min()" classname="com.aor.numbers.ListAggregatorTest" time="0.003"/>
  <testcase name="sum()" classname="com.aor.numbers.ListAggregatorTest" time="0.001"/>
  <testcase name="distinct()" classname="com.aor.numbers.ListAggregatorTest" time="0.001"/>
  <testcase name="Max_bug7263()" classname="com.aor.numbers.ListAggregatorTest" time="0.001"/>
  <testcase name="Max_bug8726()" classname="com.aor.numbers.ListAggregatorTest" time="1.422"/>
  <system-out><![CDATA[]]></system-out>
  <system-err><![CDATA[]]></system-err>
</testsuite>
